<?xml version="1.0" encoding="UTF-8"?>
<coverage generated="1779167156322" clover="3.2.0">
  <project timestamp="1779167156322" name="All files">
    <metrics statements="310" coveredstatements="304" conditionals="231" coveredconditionals="190" methods="57" coveredmethods="56" elements="598" coveredelements="550" complexity="0" loc="310" ncloc="310" packages="1" files="11" classes="11"/>
    <file name="analytics.ts" path="C:/Users/smili/Desktop/accountic-ui-ux/src/lib/analytics.ts">
      <metrics statements="3" coveredstatements="3" conditionals="6" coveredconditionals="6" methods="1" coveredmethods="1"/>
      <line num="20" count="43" type="stmt"/>
      <line num="21" count="43" type="cond" truecount="2" falsecount="0"/>
      <line num="22" count="5" type="stmt"/>
    </file>
    <file name="frontmatter.ts" path="C:/Users/smili/Desktop/accountic-ui-ux/src/lib/frontmatter.ts">
      <metrics statements="42" coveredstatements="41" conditionals="51" coveredconditionals="41" methods="6" coveredmethods="6"/>
      <line num="6" count="3" type="stmt"/>
      <line num="13" count="11" type="stmt"/>
      <line num="16" count="11" type="cond" truecount="4" falsecount="0"/>
      <line num="17" count="1" type="stmt"/>
      <line num="20" count="10" type="stmt"/>
      <line num="21" count="10" type="stmt"/>
      <line num="23" count="10" type="cond" truecount="2" falsecount="0"/>
      <line num="24" count="1" type="stmt"/>
      <line num="27" count="9" type="stmt"/>
      <line num="28" count="9" type="stmt"/>
      <line num="30" count="9" type="stmt"/>
      <line num="40" count="1" type="stmt"/>
      <line num="41" count="3" type="stmt"/>
      <line num="43" count="1" type="stmt"/>
      <line num="49" count="9" type="stmt"/>
      <line num="51" count="9" type="stmt"/>
      <line num="52" count="45" type="stmt"/>
      <line num="53" count="45" type="cond" truecount="3" falsecount="1"/>
      <line num="55" count="45" type="stmt"/>
      <line num="56" count="45" type="cond" truecount="1" falsecount="1"/>
      <line num="58" count="45" type="stmt"/>
      <line num="59" count="45" type="stmt"/>
      <line num="61" count="45" type="stmt"/>
      <line num="64" count="9" type="stmt"/>
      <line num="68" count="45" type="cond" truecount="4" falsecount="1"/>
      <line num="69" count="45" type="cond" truecount="2" falsecount="0"/>
      <line num="70" count="44" type="cond" truecount="2" falsecount="0"/>
      <line num="73" count="36" type="cond" truecount="4" falsecount="0"/>
      <line num="74" count="1" type="stmt"/>
      <line num="77" count="35" type="cond" truecount="2" falsecount="2"/>
      <line num="78" count="0" type="stmt"/>
      <line num="82" count="35" type="cond" truecount="2" falsecount="0"/>
      <line num="83" count="28" type="cond" truecount="1" falsecount="1"/>
      <line num="86" count="28" type="stmt"/>
      <line num="90" count="3" type="cond" truecount="3" falsecount="1"/>
      <line num="91" count="3" type="cond" truecount="2" falsecount="0"/>
      <line num="92" count="2" type="cond" truecount="2" falsecount="0"/>
      <line num="93" count="1" type="cond" truecount="1" falsecount="1"/>
      <line num="95" count="1" type="stmt"/>
      <line num="97" count="1" type="cond" truecount="4" falsecount="0"/>
      <line num="98" count="1" type="cond" truecount="1" falsecount="1"/>
      <line num="99" count="1" type="stmt"/>
    </file>
    <file name="humanizer-regions.ts" path="C:/Users/smili/Desktop/accountic-ui-ux/src/lib/humanizer-regions.ts">
      <metrics statements="21" coveredstatements="21" conditionals="6" coveredconditionals="6" methods="2" coveredmethods="2"/>
      <line num="1" count="2" type="stmt"/>
      <line num="2" count="2" type="stmt"/>
      <line num="10" count="13" type="stmt"/>
      <line num="11" count="13" type="stmt"/>
      <line num="12" count="13" type="stmt"/>
      <line num="14" count="13" type="stmt"/>
      <line num="15" count="23" type="stmt"/>
      <line num="16" count="23" type="cond" truecount="2" falsecount="0"/>
      <line num="18" count="11" type="stmt"/>
      <line num="19" count="11" type="cond" truecount="2" falsecount="0"/>
      <line num="21" count="10" type="stmt"/>
      <line num="22" count="10" type="stmt"/>
      <line num="23" count="10" type="stmt"/>
      <line num="25" count="10" type="stmt"/>
      <line num="29" count="13" type="stmt"/>
      <line num="34" count="8" type="stmt"/>
      <line num="35" count="8" type="stmt"/>
      <line num="36" count="7" type="stmt"/>
      <line num="37" count="7" type="cond" truecount="2" falsecount="0"/>
      <line num="38" count="5" type="stmt"/>
      <line num="40" count="6" type="stmt"/>
    </file>
    <file name="linker.ts" path="C:/Users/smili/Desktop/accountic-ui-ux/src/lib/linker.ts">
      <metrics statements="41" coveredstatements="38" conditionals="28" coveredconditionals="18" methods="5" coveredmethods="4"/>
      <line num="23" count="4" type="cond" truecount="1" falsecount="1"/>
      <line num="24" count="4" type="cond" truecount="1" falsecount="1"/>
      <line num="26" count="4" type="cond" truecount="2" falsecount="2"/>
      <line num="30" count="4" type="stmt"/>
      <line num="31" count="4" type="stmt"/>
      <line num="33" count="4" type="cond" truecount="1" falsecount="1"/>
      <line num="34" count="4" type="stmt"/>
      <line num="35" count="4" type="stmt"/>
      <line num="38" count="4" type="stmt"/>
      <line num="39" count="0" type="stmt"/>
      <line num="40" count="0" type="stmt"/>
      <line num="43" count="4" type="stmt"/>
      <line num="44" count="4" type="stmt"/>
      <line num="54" count="4" type="stmt"/>
      <line num="56" count="4" type="stmt"/>
      <line num="61" count="4" type="stmt"/>
      <line num="64" count="0" type="cond" truecount="1" falsecount="3"/>
      <line num="69" count="10" type="cond" truecount="2" falsecount="0"/>
      <line num="73" count="9" type="stmt"/>
      <line num="74" count="9" type="stmt"/>
      <line num="75" count="9" type="stmt"/>
      <line num="78" count="9" type="stmt"/>
      <line num="79" count="1" type="cond" truecount="1" falsecount="1"/>
      <line num="80" count="1" type="stmt"/>
      <line num="82" count="1" type="stmt"/>
      <line num="83" count="1" type="stmt"/>
      <line num="85" count="9" type="cond" truecount="1" falsecount="1"/>
      <line num="86" count="9" type="stmt"/>
      <line num="90" count="9" type="stmt"/>
      <line num="92" count="10" type="stmt"/>
      <line num="95" count="10" type="stmt"/>
      <line num="97" count="10" type="stmt"/>
      <line num="99" count="10" type="stmt"/>
      <line num="100" count="10" type="cond" truecount="2" falsecount="0"/>
      <line num="101" count="12" type="stmt"/>
      <line num="102" count="12" type="cond" truecount="2" falsecount="0"/>
      <line num="103" count="11" type="cond" truecount="2" falsecount="0"/>
      <line num="104" count="10" type="cond" truecount="2" falsecount="0"/>
      <line num="106" count="8" type="stmt"/>
      <line num="107" count="8" type="stmt"/>
      <line num="111" count="11" type="stmt"/>
    </file>
    <file name="quality.ts" path="C:/Users/smili/Desktop/accountic-ui-ux/src/lib/quality.ts">
      <metrics statements="62" coveredstatements="61" conditionals="46" coveredconditionals="37" methods="13" coveredmethods="13"/>
      <line num="13" count="3" type="stmt"/>
      <line num="19" count="11" type="stmt"/>
      <line num="21" count="11" type="stmt"/>
      <line num="22" count="11" type="stmt"/>
      <line num="23" count="11" type="stmt"/>
      <line num="24" count="11" type="stmt"/>
      <line num="25" count="11" type="stmt"/>
      <line num="27" count="11" type="cond" truecount="2" falsecount="0"/>
      <line num="28" count="4" type="stmt"/>
      <line num="32" count="11" type="cond" truecount="2" falsecount="0"/>
      <line num="33" count="2" type="stmt"/>
      <line num="37" count="11" type="cond" truecount="4" falsecount="0"/>
      <line num="38" count="1" type="stmt"/>
      <line num="41" count="11" type="stmt"/>
      <line num="51" count="11" type="stmt"/>
      <line num="52" count="11" type="stmt"/>
      <line num="53" count="11" type="stmt"/>
      <line num="55" count="11" type="cond" truecount="3" falsecount="1"/>
      <line num="57" count="11" type="stmt"/>
      <line num="58" count="11" type="stmt"/>
      <line num="62" count="11" type="stmt"/>
      <line num="63" count="11" type="cond" truecount="1" falsecount="1"/>
      <line num="67" count="11" type="stmt"/>
      <line num="68" count="11" type="cond" truecount="1" falsecount="1"/>
      <line num="72" count="11" type="cond" truecount="1" falsecount="1"/>
      <line num="73" count="1466" type="stmt"/>
      <line num="77" count="1466" type="stmt"/>
      <line num="78" count="1466" type="cond" truecount="2" falsecount="0"/>
      <line num="80" count="887" type="stmt"/>
      <line num="81" count="887" type="stmt"/>
      <line num="82" count="887" type="cond" truecount="2" falsecount="0"/>
      <line num="88" count="11" type="stmt"/>
      <line num="98" count="11" type="cond" truecount="2" falsecount="0"/>
      <line num="99" count="11" type="cond" truecount="2" falsecount="0"/>
      <line num="102" count="9" type="stmt"/>
      <line num="103" count="9" type="stmt"/>
      <line num="104" count="9" type="stmt"/>
      <line num="105" count="24" type="cond" truecount="1" falsecount="1"/>
      <line num="106" count="24" type="cond" truecount="1" falsecount="1"/>
      <line num="107" count="24" type="cond" truecount="1" falsecount="1"/>
      <line num="108" count="24" type="stmt"/>
      <line num="109" count="24" type="stmt"/>
      <line num="111" count="0" type="stmt"/>
      <line num="114" count="9" type="cond" truecount="1" falsecount="1"/>
      <line num="119" count="2" type="cond" truecount="2" falsecount="0"/>
      <line num="121" count="2" type="stmt"/>
      <line num="126" count="2" type="stmt"/>
      <line num="127" count="2" type="stmt"/>
      <line num="128" count="2" type="stmt"/>
      <line num="129" count="2" type="stmt"/>
      <line num="131" count="2" type="stmt"/>
      <line num="140" count="2" type="stmt"/>
      <line num="141" count="2" type="stmt"/>
      <line num="142" count="2" type="cond" truecount="2" falsecount="0"/>
      <line num="149" count="11" type="stmt"/>
      <line num="152" count="11" type="stmt"/>
      <line num="153" count="11" type="stmt"/>
      <line num="156" count="11" type="stmt"/>
      <line num="159" count="11" type="stmt"/>
      <line num="160" count="11" type="stmt"/>
      <line num="163" count="11" type="stmt"/>
      <line num="165" count="11" type="stmt"/>
    </file>
    <file name="redact.ts" path="C:/Users/smili/Desktop/accountic-ui-ux/src/lib/redact.ts">
      <metrics statements="7" coveredstatements="7" conditionals="2" coveredconditionals="2" methods="2" coveredmethods="2"/>
      <line num="2" count="4" type="stmt"/>
      <line num="11" count="17" type="stmt"/>
      <line num="12" count="17" type="stmt"/>
      <line num="13" count="68" type="stmt"/>
      <line num="15" count="17" type="stmt"/>
      <line num="21" count="10" type="cond" truecount="2" falsecount="0"/>
      <line num="22" count="10" type="stmt"/>
    </file>
    <file name="regression.ts" path="C:/Users/smili/Desktop/accountic-ui-ux/src/lib/regression.ts">
      <metrics statements="57" coveredstatements="57" conditionals="36" coveredconditionals="35" methods="15" coveredmethods="15"/>
      <line num="11" count="38" type="stmt"/>
      <line num="26" count="38" type="cond" truecount="2" falsecount="0"/>
      <line num="30" count="38" type="stmt"/>
      <line num="31" count="38" type="stmt"/>
      <line num="32" count="10082" type="stmt"/>
      <line num="34" count="38" type="stmt"/>
      <line num="38" count="19" type="stmt"/>
      <line num="39" count="19" type="stmt"/>
      <line num="41" count="19" type="cond" truecount="4" falsecount="0"/>
      <line num="42" count="18" type="cond" truecount="4" falsecount="0"/>
      <line num="44" count="16" type="stmt"/>
      <line num="45" count="16" type="stmt"/>
      <line num="46" count="4215" type="cond" truecount="2" falsecount="0"/>
      <line num="49" count="16" type="stmt"/>
      <line num="50" count="16" type="stmt"/>
      <line num="56" count="27" type="stmt"/>
      <line num="57" count="27" type="stmt"/>
      <line num="58" count="1235" type="stmt"/>
      <line num="59" count="1235" type="cond" truecount="2" falsecount="0"/>
      <line num="61" count="27" type="stmt"/>
      <line num="65" count="12" type="stmt"/>
      <line num="66" count="71" type="stmt"/>
      <line num="67" count="67" type="stmt"/>
      <line num="72" count="2" type="stmt"/>
      <line num="77" count="2" type="stmt"/>
      <line num="78" count="2" type="stmt"/>
      <line num="82" count="18647" type="stmt"/>
      <line num="86" count="247" type="cond" truecount="2" falsecount="0"/>
      <line num="87" count="18647" type="stmt"/>
      <line num="91" count="15" type="stmt"/>
      <line num="93" count="15" type="stmt"/>
      <line num="94" count="180" type="cond" truecount="2" falsecount="0"/>
      <line num="97" count="15" type="cond" truecount="2" falsecount="0"/>
      <line num="98" count="110" type="stmt"/>
      <line num="100" count="260" type="stmt"/>
      <line num="102" count="15" type="stmt"/>
      <line num="106" count="10" type="stmt"/>
      <line num="107" count="10" type="stmt"/>
      <line num="108" count="10" type="stmt"/>
      <line num="110" count="313" type="cond" truecount="4" falsecount="0"/>
      <line num="111" count="97" type="cond" truecount="2" falsecount="0"/>
      <line num="114" count="216" type="stmt"/>
      <line num="115" count="216" type="cond" truecount="1" falsecount="1"/>
      <line num="118" count="8" type="stmt"/>
      <line num="124" count="8" type="stmt"/>
      <line num="125" count="8" type="stmt"/>
      <line num="126" count="8" type="stmt"/>
      <line num="127" count="140" type="cond" truecount="2" falsecount="0"/>
      <line num="129" count="6" type="stmt"/>
      <line num="139" count="13" type="stmt"/>
      <line num="140" count="13" type="cond" truecount="2" falsecount="0"/>
      <line num="141" count="1" type="stmt"/>
      <line num="144" count="12" type="cond" truecount="2" falsecount="0"/>
      <line num="145" count="2" type="stmt"/>
      <line num="148" count="10" type="cond" truecount="2" falsecount="0"/>
      <line num="149" count="2" type="stmt"/>
      <line num="152" count="8" type="stmt"/>
    </file>
    <file name="safety.ts" path="C:/Users/smili/Desktop/accountic-ui-ux/src/lib/safety.ts">
      <metrics statements="20" coveredstatements="19" conditionals="14" coveredconditionals="11" methods="5" coveredmethods="5"/>
      <line num="5" count="6" type="stmt"/>
      <line num="6" count="6" type="stmt"/>
      <line num="11" count="2" type="stmt"/>
      <line num="12" count="2" type="stmt"/>
      <line num="13" count="2" type="stmt"/>
      <line num="21" count="55" type="stmt"/>
      <line num="25" count="55" type="cond" truecount="2" falsecount="0"/>
      <line num="38" count="15" type="stmt"/>
      <line num="39" count="15" type="stmt"/>
      <line num="56" count="15" type="cond" truecount="1" falsecount="1"/>
      <line num="57" count="15" type="cond" truecount="1" falsecount="1"/>
      <line num="59" count="15" type="cond" truecount="4" falsecount="0"/>
      <line num="60" count="2" type="stmt"/>
      <line num="72" count="25" type="stmt"/>
      <line num="73" count="25" type="stmt"/>
      <line num="74" count="21" type="stmt"/>
      <line num="76" count="4" type="cond" truecount="1" falsecount="1"/>
      <line num="77" count="4" type="stmt"/>
      <line num="80" count="4" type="stmt"/>
      <line num="82" count="0" type="stmt"/>
    </file>
    <file name="schema-validate.ts" path="C:/Users/smili/Desktop/accountic-ui-ux/src/lib/schema-validate.ts">
      <metrics statements="8" coveredstatements="8" conditionals="4" coveredconditionals="3" methods="2" coveredmethods="2"/>
      <line num="14" count="3" type="stmt"/>
      <line num="39" count="11" type="stmt"/>
      <line num="41" count="11" type="cond" truecount="2" falsecount="0"/>
      <line num="42" count="10" type="stmt"/>
      <line num="45" count="1" type="stmt"/>
      <line num="46" count="1" type="cond" truecount="1" falsecount="1"/>
      <line num="47" count="1" type="stmt"/>
      <line num="50" count="1" type="stmt"/>
    </file>
    <file name="seo-schema.ts" path="C:/Users/smili/Desktop/accountic-ui-ux/src/lib/seo-schema.ts">
      <metrics statements="47" coveredstatements="47" conditionals="38" coveredconditionals="31" methods="5" coveredmethods="5"/>
      <line num="1" count="2" type="stmt"/>
      <line num="13" count="9" type="cond" truecount="2" falsecount="0"/>
      <line num="14" count="9" type="cond" truecount="2" falsecount="0"/>
      <line num="15" count="9" type="cond" truecount="2" falsecount="0"/>
      <line num="16" count="9" type="cond" truecount="2" falsecount="0"/>
      <line num="17" count="9" type="cond" truecount="2" falsecount="0"/>
      <line num="19" count="9" type="stmt"/>
      <line num="37" count="9" type="stmt"/>
      <line num="42" count="14" type="stmt"/>
      <line num="43" count="14" type="stmt"/>
      <line num="44" count="14" type="cond" truecount="2" falsecount="0"/>
      <line num="47" count="6" type="stmt"/>
      <line num="48" count="6" type="stmt"/>
      <line num="49" count="6" type="cond" truecount="1" falsecount="1"/>
      <line num="54" count="6" type="stmt"/>
      <line num="55" count="6" type="stmt"/>
      <line num="56" count="6" type="stmt"/>
      <line num="58" count="6" type="stmt"/>
      <line num="59" count="6" type="cond" truecount="2" falsecount="0"/>
      <line num="60" count="27" type="stmt"/>
      <line num="61" count="27" type="cond" truecount="2" falsecount="0"/>
      <line num="62" count="21" type="stmt"/>
      <line num="64" count="21" type="stmt"/>
      <line num="65" count="21" type="stmt"/>
      <line num="66" count="21" type="cond" truecount="2" falsecount="0"/>
      <line num="67" count="45" type="stmt"/>
      <line num="68" count="45" type="cond" truecount="2" falsecount="0"/>
      <line num="69" count="45" type="stmt"/>
      <line num="71" count="21" type="stmt"/>
      <line num="72" count="21" type="cond" truecount="3" falsecount="1"/>
      <line num="73" count="21" type="stmt"/>
      <line num="76" count="6" type="stmt"/>
      <line num="80" count="6" type="cond" truecount="1" falsecount="1"/>
      <line num="82" count="6" type="stmt"/>
      <line num="85" count="21" type="stmt"/>
      <line num="95" count="6" type="stmt"/>
      <line num="99" count="9" type="stmt"/>
      <line num="124" count="9" type="stmt"/>
      <line num="131" count="6" type="stmt"/>
      <line num="133" count="6" type="stmt"/>
      <line num="135" count="6" type="stmt"/>
      <line num="136" count="6" type="cond" truecount="2" falsecount="0"/>
      <line num="137" count="2" type="stmt"/>
      <line num="140" count="6" type="stmt"/>
      <line num="141" count="6" type="stmt"/>
      <line num="148" count="6" type="cond" truecount="1" falsecount="1"/>
      <line num="149" count="6" type="stmt"/>
    </file>
    <file name="slug.ts" path="C:/Users/smili/Desktop/accountic-ui-ux/src/lib/slug.ts">
      <metrics statements="2" coveredstatements="2" conditionals="0" coveredconditionals="0" methods="1" coveredmethods="1"/>
      <line num="6" count="2" type="stmt"/>
      <line num="20" count="11" type="stmt"/>
    </file>
  </project>
</coverage>
