{"C:/Users/smili/Desktop/accountic-ui-ux/src/lib/analytics.ts": {"path":"C:/Users/smili/Desktop/accountic-ui-ux/src/lib/analytics.ts","statementMap":{"0":{"start":{"line":20,"column":2},"end":{"line":40,"column":null}},"1":{"start":{"line":21,"column":4},"end":{"line":21,"column":null}},"2":{"start":{"line":21,"column":29},"end":{"line":21,"column":null}},"3":{"start":{"line":22,"column":4},"end":{"line":37,"column":null}}},"fnMap":{"0":{"name":"logEvent","decl":{"start":{"line":19,"column":16},"end":{"line":19,"column":25}},"loc":{"start":{"line":19,"column":72},"end":{"line":41,"column":null}}}},"branchMap":{"0":{"loc":{"start":{"line":21,"column":4},"end":{"line":21,"column":null}},"type":"if","locations":[{"start":{"line":21,"column":4},"end":{"line":21,"column":null}},{"start":{},"end":{}}]},"1":{"loc":{"start":{"line":28,"column":8},"end":{"line":28,"column":null}},"type":"binary-expr","locations":[{"start":{"line":28,"column":8},"end":{"line":28,"column":24}},{"start":{"line":28,"column":24},"end":{"line":28,"column":null}}]},"2":{"loc":{"start":{"line":29,"column":8},"end":{"line":29,"column":null}},"type":"binary-expr","locations":[{"start":{"line":29,"column":8},"end":{"line":29,"column":29}},{"start":{"line":29,"column":29},"end":{"line":29,"column":null}}]}},"s":{"0":43,"1":43,"2":38,"3":5},"f":{"0":43},"b":{"0":[38,5],"1":[5,3],"2":[5,4]}}
,"C:/Users/smili/Desktop/accountic-ui-ux/src/lib/frontmatter.ts": {"path":"C:/Users/smili/Desktop/accountic-ui-ux/src/lib/frontmatter.ts","statementMap":{"0":{"start":{"line":6,"column":14},"end":{"line":6,"column":null}},"1":{"start":{"line":13,"column":20},"end":{"line":13,"column":null}},"2":{"start":{"line":16,"column":1},"end":{"line":18,"column":null}},"3":{"start":{"line":17,"column":2},"end":{"line":17,"column":null}},"4":{"start":{"line":20,"column":20},"end":{"line":20,"column":null}},"5":{"start":{"line":21,"column":22},"end":{"line":21,"column":null}},"6":{"start":{"line":23,"column":1},"end":{"line":25,"column":null}},"7":{"start":{"line":24,"column":2},"end":{"line":24,"column":null}},"8":{"start":{"line":27,"column":19},"end":{"line":27,"column":null}},"9":{"start":{"line":28,"column":14},"end":{"line":28,"column":null}},"10":{"start":{"line":30,"column":1},"end":{"line":33,"column":null}},"11":{"start":{"line":40,"column":14},"end":{"line":42,"column":null}},"12":{"start":{"line":41,"column":25},"end":{"line":41,"column":54}},"13":{"start":{"line":43,"column":1},"end":{"line":43,"column":null}},"14":{"start":{"line":49,"column":41},"end":{"line":49,"column":null}},"15":{"start":{"line":51,"column":1},"end":{"line":62,"column":null}},"16":{"start":{"line":52,"column":18},"end":{"line":52,"column":null}},"17":{"start":{"line":53,"column":2},"end":{"line":53,"column":null}},"18":{"start":{"line":53,"column":43},"end":{"line":53,"column":null}},"19":{"start":{"line":55,"column":19},"end":{"line":55,"column":null}},"20":{"start":{"line":56,"column":2},"end":{"line":56,"column":null}},"21":{"start":{"line":56,"column":23},"end":{"line":56,"column":null}},"22":{"start":{"line":58,"column":14},"end":{"line":58,"column":null}},"23":{"start":{"line":59,"column":14},"end":{"line":59,"column":null}},"24":{"start":{"line":61,"column":2},"end":{"line":61,"column":null}},"25":{"start":{"line":64,"column":1},"end":{"line":64,"column":null}},"26":{"start":{"line":68,"column":1},"end":{"line":68,"column":null}},"27":{"start":{"line":68,"column":50},"end":{"line":68,"column":null}},"28":{"start":{"line":69,"column":1},"end":{"line":69,"column":null}},"29":{"start":{"line":69,"column":21},"end":{"line":69,"column":null}},"30":{"start":{"line":70,"column":1},"end":{"line":70,"column":null}},"31":{"start":{"line":70,"column":22},"end":{"line":70,"column":null}},"32":{"start":{"line":73,"column":1},"end":{"line":75,"column":null}},"33":{"start":{"line":74,"column":2},"end":{"line":74,"column":null}},"34":{"start":{"line":77,"column":1},"end":{"line":79,"column":null}},"35":{"start":{"line":78,"column":2},"end":{"line":78,"column":null}},"36":{"start":{"line":82,"column":1},"end":{"line":82,"column":null}},"37":{"start":{"line":82,"column":26},"end":{"line":82,"column":null}},"38":{"start":{"line":83,"column":1},"end":{"line":83,"column":null}},"39":{"start":{"line":83,"column":31},"end":{"line":83,"column":null}},"40":{"start":{"line":86,"column":1},"end":{"line":86,"column":null}},"41":{"start":{"line":90,"column":1},"end":{"line":90,"column":null}},"42":{"start":{"line":90,"column":44},"end":{"line":90,"column":null}},"43":{"start":{"line":91,"column":1},"end":{"line":91,"column":null}},"44":{"start":{"line":91,"column":33},"end":{"line":91,"column":null}},"45":{"start":{"line":92,"column":1},"end":{"line":92,"column":null}},"46":{"start":{"line":92,"column":32},"end":{"line":92,"column":null}},"47":{"start":{"line":93,"column":1},"end":{"line":93,"column":null}},"48":{"start":{"line":93,"column":28},"end":{"line":93,"column":null}},"49":{"start":{"line":95,"column":13},"end":{"line":95,"column":null}},"50":{"start":{"line":97,"column":21},"end":{"line":97,"column":null}},"51":{"start":{"line":98,"column":1},"end":{"line":98,"column":null}},"52":{"start":{"line":98,"column":18},"end":{"line":98,"column":null}},"53":{"start":{"line":99,"column":1},"end":{"line":99,"column":null}}},"fnMap":{"0":{"name":"parseFrontmatter","decl":{"start":{"line":12,"column":16},"end":{"line":12,"column":33}},"loc":{"start":{"line":12,"column":98},"end":{"line":34,"column":null}}},"1":{"name":"serializeFrontmatter","decl":{"start":{"line":39,"column":16},"end":{"line":39,"column":37}},"loc":{"start":{"line":39,"column":93},"end":{"line":44,"column":null}}},"2":{"name":"(anonymous_2)","decl":{"start":{"line":41,"column":7},"end":{"line":41,"column":8}},"loc":{"start":{"line":41,"column":25},"end":{"line":41,"column":54}}},"3":{"name":"parseYaml","decl":{"start":{"line":48,"column":9},"end":{"line":48,"column":19}},"loc":{"start":{"line":48,"column":59},"end":{"line":65,"column":null}}},"4":{"name":"parseScalar","decl":{"start":{"line":67,"column":9},"end":{"line":67,"column":21}},"loc":{"start":{"line":67,"column":43},"end":{"line":87,"column":null}}},"5":{"name":"yamlValue","decl":{"start":{"line":89,"column":9},"end":{"line":89,"column":19}},"loc":{"start":{"line":89,"column":43},"end":{"line":100,"column":null}}}},"branchMap":{"0":{"loc":{"start":{"line":16,"column":1},"end":{"line":18,"column":null}},"type":"if","locations":[{"start":{"line":16,"column":1},"end":{"line":18,"column":null}},{"start":{},"end":{}}]},"1":{"loc":{"start":{"line":16,"column":5},"end":{"line":16,"column":67}},"type":"binary-expr","locations":[{"start":{"line":16,"column":5},"end":{"line":16,"column":45}},{"start":{"line":16,"column":45},"end":{"line":16,"column":67}}]},"2":{"loc":{"start":{"line":23,"column":1},"end":{"line":25,"column":null}},"type":"if","locations":[{"start":{"line":23,"column":1},"end":{"line":25,"column":null}},{"start":{},"end":{}}]},"3":{"loc":{"start":{"line":32,"column":11},"end":{"line":32,"column":null}},"type":"cond-expr","locations":[{"start":{"line":32,"column":35},"end":{"line":32,"column":51}},{"start":{"line":32,"column":51},"end":{"line":32,"column":null}}]},"4":{"loc":{"start":{"line":53,"column":2},"end":{"line":53,"column":null}},"type":"if","locations":[{"start":{"line":53,"column":2},"end":{"line":53,"column":null}},{"start":{},"end":{}}]},"5":{"loc":{"start":{"line":53,"column":6},"end":{"line":53,"column":43}},"type":"binary-expr","locations":[{"start":{"line":53,"column":6},"end":{"line":53,"column":18}},{"start":{"line":53,"column":18},"end":{"line":53,"column":43}}]},"6":{"loc":{"start":{"line":56,"column":2},"end":{"line":56,"column":null}},"type":"if","locations":[{"start":{"line":56,"column":2},"end":{"line":56,"column":null}},{"start":{},"end":{}}]},"7":{"loc":{"start":{"line":68,"column":1},"end":{"line":68,"column":null}},"type":"if","locations":[{"start":{"line":68,"column":1},"end":{"line":68,"column":null}},{"start":{},"end":{}}]},"8":{"loc":{"start":{"line":68,"column":5},"end":{"line":68,"column":50}},"type":"binary-expr","locations":[{"start":{"line":68,"column":5},"end":{"line":68,"column":19}},{"start":{"line":68,"column":19},"end":{"line":68,"column":37}},{"start":{"line":68,"column":37},"end":{"line":68,"column":50}}]},"9":{"loc":{"start":{"line":69,"column":1},"end":{"line":69,"column":null}},"type":"if","locations":[{"start":{"line":69,"column":1},"end":{"line":69,"column":null}},{"start":{},"end":{}}]},"10":{"loc":{"start":{"line":70,"column":1},"end":{"line":70,"column":null}},"type":"if","locations":[{"start":{"line":70,"column":1},"end":{"line":70,"column":null}},{"start":{},"end":{}}]},"11":{"loc":{"start":{"line":73,"column":1},"end":{"line":75,"column":null}},"type":"if","locations":[{"start":{"line":73,"column":1},"end":{"line":75,"column":null}},{"start":{},"end":{}}]},"12":{"loc":{"start":{"line":73,"column":5},"end":{"line":73,"column":47}},"type":"binary-expr","locations":[{"start":{"line":73,"column":5},"end":{"line":73,"column":28}},{"start":{"line":73,"column":28},"end":{"line":73,"column":47}}]},"13":{"loc":{"start":{"line":77,"column":1},"end":{"line":79,"column":null}},"type":"if","locations":[{"start":{"line":77,"column":1},"end":{"line":79,"column":null}},{"start":{},"end":{}}]},"14":{"loc":{"start":{"line":77,"column":5},"end":{"line":77,"column":47}},"type":"binary-expr","locations":[{"start":{"line":77,"column":5},"end":{"line":77,"column":28}},{"start":{"line":77,"column":28},"end":{"line":77,"column":47}}]},"15":{"loc":{"start":{"line":82,"column":1},"end":{"line":82,"column":null}},"type":"if","locations":[{"start":{"line":82,"column":1},"end":{"line":82,"column":null}},{"start":{},"end":{}}]},"16":{"loc":{"start":{"line":83,"column":1},"end":{"line":83,"column":null}},"type":"if","locations":[{"start":{"line":83,"column":1},"end":{"line":83,"column":null}},{"start":{},"end":{}}]},"17":{"loc":{"start":{"line":90,"column":1},"end":{"line":90,"column":null}},"type":"if","locations":[{"start":{"line":90,"column":1},"end":{"line":90,"column":null}},{"start":{},"end":{}}]},"18":{"loc":{"start":{"line":90,"column":5},"end":{"line":90,"column":44}},"type":"binary-expr","locations":[{"start":{"line":90,"column":5},"end":{"line":90,"column":23}},{"start":{"line":90,"column":23},"end":{"line":90,"column":44}}]},"19":{"loc":{"start":{"line":91,"column":1},"end":{"line":91,"column":null}},"type":"if","locations":[{"start":{"line":91,"column":1},"end":{"line":91,"column":null}},{"start":{},"end":{}}]},"20":{"loc":{"start":{"line":92,"column":1},"end":{"line":92,"column":null}},"type":"if","locations":[{"start":{"line":92,"column":1},"end":{"line":92,"column":null}},{"start":{},"end":{}}]},"21":{"loc":{"start":{"line":93,"column":1},"end":{"line":93,"column":null}},"type":"if","locations":[{"start":{"line":93,"column":1},"end":{"line":93,"column":null}},{"start":{},"end":{}}]},"22":{"loc":{"start":{"line":97,"column":21},"end":{"line":97,"column":null}},"type":"binary-expr","locations":[{"start":{"line":97,"column":21},"end":{"line":97,"column":58}},{"start":{"line":97,"column":58},"end":{"line":97,"column":76}},{"start":{"line":97,"column":76},"end":{"line":97,"column":95}},{"start":{"line":97,"column":95},"end":{"line":97,"column":null}}]},"23":{"loc":{"start":{"line":98,"column":1},"end":{"line":98,"column":null}},"type":"if","locations":[{"start":{"line":98,"column":1},"end":{"line":98,"column":null}},{"start":{},"end":{}}]}},"s":{"0":3,"1":11,"2":11,"3":1,"4":10,"5":10,"6":10,"7":1,"8":9,"9":9,"10":9,"11":1,"12":3,"13":1,"14":9,"15":9,"16":45,"17":45,"18":0,"19":45,"20":45,"21":0,"22":45,"23":45,"24":45,"25":9,"26":45,"27":0,"28":45,"29":1,"30":44,"31":8,"32":36,"33":1,"34":35,"35":0,"36":35,"37":7,"38":28,"39":0,"40":28,"41":3,"42":0,"43":3,"44":1,"45":2,"46":1,"47":1,"48":0,"49":1,"50":1,"51":1,"52":0,"53":1},"f":{"0":11,"1":1,"2":3,"3":9,"4":45,"5":3},"b":{"0":[1,10],"1":[11,1],"2":[1,9],"3":[9,0],"4":[0,45],"5":[45,45],"6":[0,45],"7":[0,45],"8":[45,45,45],"9":[1,44],"10":[8,36],"11":[1,35],"12":[36,1],"13":[0,35],"14":[35,0],"15":[7,28],"16":[0,28],"17":[0,3],"18":[3,3],"19":[1,2],"20":[1,1],"21":[0,1],"22":[1,1,1,1],"23":[0,1]}}
,"C:/Users/smili/Desktop/accountic-ui-ux/src/lib/humanizer-regions.ts": {"path":"C:/Users/smili/Desktop/accountic-ui-ux/src/lib/humanizer-regions.ts","statementMap":{"0":{"start":{"line":1,"column":19},"end":{"line":1,"column":null}},"1":{"start":{"line":2,"column":17},"end":{"line":2,"column":null}},"2":{"start":{"line":10,"column":28},"end":{"line":10,"column":null}},"3":{"start":{"line":11,"column":17},"end":{"line":11,"column":null}},"4":{"start":{"line":12,"column":14},"end":{"line":12,"column":null}},"5":{"start":{"line":14,"column":2},"end":{"line":27,"column":null}},"6":{"start":{"line":15,"column":21},"end":{"line":15,"column":null}},"7":{"start":{"line":16,"column":4},"end":{"line":16,"column":null}},"8":{"start":{"line":16,"column":25},"end":{"line":16,"column":null}},"9":{"start":{"line":18,"column":19},"end":{"line":18,"column":null}},"10":{"start":{"line":19,"column":4},"end":{"line":19,"column":null}},"11":{"start":{"line":19,"column":23},"end":{"line":19,"column":null}},"12":{"start":{"line":21,"column":26},"end":{"line":21,"column":null}},"13":{"start":{"line":22,"column":24},"end":{"line":22,"column":null}},"14":{"start":{"line":23,"column":4},"end":{"line":23,"column":null}},"15":{"start":{"line":25,"column":4},"end":{"line":25,"column":null}},"16":{"start":{"line":29,"column":2},"end":{"line":29,"column":null}},"17":{"start":{"line":34,"column":17},"end":{"line":34,"column":null}},"18":{"start":{"line":35,"column":2},"end":{"line":39,"column":null}},"19":{"start":{"line":35,"column":15},"end":{"line":35,"column":18}},"20":{"start":{"line":36,"column":24},"end":{"line":36,"column":null}},"21":{"start":{"line":37,"column":4},"end":{"line":37,"column":null}},"22":{"start":{"line":37,"column":41},"end":{"line":37,"column":null}},"23":{"start":{"line":38,"column":4},"end":{"line":38,"column":null}},"24":{"start":{"line":40,"column":2},"end":{"line":40,"column":null}}},"fnMap":{"0":{"name":"extractLockedRegions","decl":{"start":{"line":9,"column":16},"end":{"line":9,"column":37}},"loc":{"start":{"line":9,"column":72},"end":{"line":30,"column":null}}},"1":{"name":"restoreLockedRegions","decl":{"start":{"line":33,"column":16},"end":{"line":33,"column":37}},"loc":{"start":{"line":33,"column":88},"end":{"line":41,"column":null}}}},"branchMap":{"0":{"loc":{"start":{"line":16,"column":4},"end":{"line":16,"column":null}},"type":"if","locations":[{"start":{"line":16,"column":4},"end":{"line":16,"column":null}},{"start":{},"end":{}}]},"1":{"loc":{"start":{"line":19,"column":4},"end":{"line":19,"column":null}},"type":"if","locations":[{"start":{"line":19,"column":4},"end":{"line":19,"column":null}},{"start":{},"end":{}}]},"2":{"loc":{"start":{"line":37,"column":4},"end":{"line":37,"column":null}},"type":"if","locations":[{"start":{"line":37,"column":4},"end":{"line":37,"column":null}},{"start":{},"end":{}}]}},"s":{"0":2,"1":2,"2":13,"3":13,"4":13,"5":13,"6":23,"7":23,"8":12,"9":11,"10":11,"11":1,"12":10,"13":10,"14":10,"15":10,"16":13,"17":8,"18":8,"19":8,"20":7,"21":7,"22":2,"23":5,"24":6},"f":{"0":13,"1":8},"b":{"0":[12,11],"1":[1,10],"2":[2,5]}}
,"C:/Users/smili/Desktop/accountic-ui-ux/src/lib/linker.ts": {"path":"C:/Users/smili/Desktop/accountic-ui-ux/src/lib/linker.ts","statementMap":{"0":{"start":{"line":23,"column":17},"end":{"line":23,"column":null}},"1":{"start":{"line":24,"column":15},"end":{"line":24,"column":null}},"2":{"start":{"line":26,"column":2},"end":{"line":26,"column":null}},"3":{"start":{"line":26,"column":36},"end":{"line":26,"column":null}},"4":{"start":{"line":30,"column":31},"end":{"line":30,"column":null}},"5":{"start":{"line":31,"column":27},"end":{"line":31,"column":null}},"6":{"start":{"line":33,"column":2},"end":{"line":36,"column":null}},"7":{"start":{"line":34,"column":4},"end":{"line":34,"column":null}},"8":{"start":{"line":35,"column":4},"end":{"line":35,"column":null}},"9":{"start":{"line":38,"column":2},"end":{"line":41,"column":null}},"10":{"start":{"line":39,"column":4},"end":{"line":39,"column":null}},"11":{"start":{"line":40,"column":4},"end":{"line":40,"column":null}},"12":{"start":{"line":43,"column":16},"end":{"line":43,"column":null}},"13":{"start":{"line":44,"column":16},"end":{"line":47,"column":null}},"14":{"start":{"line":54,"column":2},"end":{"line":54,"column":null}},"15":{"start":{"line":56,"column":17},"end":{"line":59,"column":null}},"16":{"start":{"line":61,"column":2},"end":{"line":65,"column":null}},"17":{"start":{"line":61,"column":38},"end":{"line":65,"column":4}},"18":{"start":{"line":64,"column":62},"end":{"line":64,"column":96}},"19":{"start":{"line":69,"column":2},"end":{"line":69,"column":null}},"20":{"start":{"line":69,"column":26},"end":{"line":69,"column":null}},"21":{"start":{"line":73,"column":61},"end":{"line":73,"column":null}},"22":{"start":{"line":74,"column":22},"end":{"line":74,"column":null}},"23":{"start":{"line":75,"column":18},"end":{"line":75,"column":null}},"24":{"start":{"line":78,"column":2},"end":{"line":84,"column":null}},"25":{"start":{"line":79,"column":4},"end":{"line":81,"column":null}},"26":{"start":{"line":80,"column":6},"end":{"line":80,"column":null}},"27":{"start":{"line":82,"column":4},"end":{"line":82,"column":null}},"28":{"start":{"line":83,"column":4},"end":{"line":83,"column":null}},"29":{"start":{"line":85,"column":2},"end":{"line":87,"column":null}},"30":{"start":{"line":86,"column":4},"end":{"line":86,"column":null}},"31":{"start":{"line":90,"column":2},"end":{"line":109,"column":null}},"32":{"start":{"line":92,"column":26},"end":{"line":92,"column":null}},"33":{"start":{"line":95,"column":21},"end":{"line":95,"column":null}},"34":{"start":{"line":97,"column":26},"end":{"line":97,"column":null}},"35":{"start":{"line":99,"column":19},"end":{"line":99,"column":null}},"36":{"start":{"line":100,"column":4},"end":{"line":108,"column":null}},"37":{"start":{"line":100,"column":17},"end":{"line":100,"column":20}},"38":{"start":{"line":101,"column":18},"end":{"line":101,"column":null}},"39":{"start":{"line":102,"column":6},"end":{"line":102,"column":null}},"40":{"start":{"line":102,"column":22},"end":{"line":102,"column":null}},"41":{"start":{"line":103,"column":6},"end":{"line":103,"column":null}},"42":{"start":{"line":103,"column":40},"end":{"line":103,"column":null}},"43":{"start":{"line":104,"column":6},"end":{"line":104,"column":null}},"44":{"start":{"line":104,"column":36},"end":{"line":104,"column":null}},"45":{"start":{"line":106,"column":6},"end":{"line":106,"column":null}},"46":{"start":{"line":107,"column":6},"end":{"line":107,"column":null}},"47":{"start":{"line":111,"column":2},"end":{"line":111,"column":null}},"48":{"start":{"line":111,"column":29},"end":{"line":111,"column":35}}},"fnMap":{"0":{"name":"findInternalLinks","decl":{"start":{"line":18,"column":22},"end":{"line":18,"column":null}},"loc":{"start":{"line":22,"column":27},"end":{"line":66,"column":null}}},"1":{"name":"(anonymous_1)","decl":{"start":{"line":61,"column":28},"end":{"line":61,"column":29}},"loc":{"start":{"line":61,"column":38},"end":{"line":65,"column":4}}},"2":{"name":"(anonymous_2)","decl":{"start":{"line":64,"column":55},"end":{"line":64,"column":56}},"loc":{"start":{"line":64,"column":62},"end":{"line":64,"column":96}}},"3":{"name":"injectInternalLinks","decl":{"start":{"line":68,"column":16},"end":{"line":68,"column":36}},"loc":{"start":{"line":68,"column":84},"end":{"line":112,"column":null}}},"4":{"name":"(anonymous_4)","decl":{"start":{"line":111,"column":22},"end":{"line":111,"column":23}},"loc":{"start":{"line":111,"column":29},"end":{"line":111,"column":35}}}},"branchMap":{"0":{"loc":{"start":{"line":23,"column":17},"end":{"line":23,"column":null}},"type":"binary-expr","locations":[{"start":{"line":23,"column":17},"end":{"line":23,"column":39}},{"start":{"line":23,"column":39},"end":{"line":23,"column":null}}]},"1":{"loc":{"start":{"line":24,"column":15},"end":{"line":24,"column":null}},"type":"binary-expr","locations":[{"start":{"line":24,"column":15},"end":{"line":24,"column":35}},{"start":{"line":24,"column":35},"end":{"line":24,"column":null}}]},"2":{"loc":{"start":{"line":26,"column":2},"end":{"line":26,"column":null}},"type":"if","locations":[{"start":{"line":26,"column":2},"end":{"line":26,"column":null}},{"start":{},"end":{}}]},"3":{"loc":{"start":{"line":26,"column":6},"end":{"line":26,"column":36}},"type":"binary-expr","locations":[{"start":{"line":26,"column":6},"end":{"line":26,"column":17}},{"start":{"line":26,"column":17},"end":{"line":26,"column":36}}]},"4":{"loc":{"start":{"line":33,"column":2},"end":{"line":36,"column":null}},"type":"if","locations":[{"start":{"line":33,"column":2},"end":{"line":36,"column":null}},{"start":{},"end":{}}]},"5":{"loc":{"start":{"line":64,"column":12},"end":{"line":64,"column":null}},"type":"cond-expr","locations":[{"start":{"line":64,"column":36},"end":{"line":64,"column":45}},{"start":{"line":64,"column":45},"end":{"line":64,"column":null}}]},"6":{"loc":{"start":{"line":64,"column":45},"end":{"line":64,"column":null}},"type":"binary-expr","locations":[{"start":{"line":64,"column":45},"end":{"line":64,"column":101}},{"start":{"line":64,"column":101},"end":{"line":64,"column":null}}]},"7":{"loc":{"start":{"line":69,"column":2},"end":{"line":69,"column":null}},"type":"if","locations":[{"start":{"line":69,"column":2},"end":{"line":69,"column":null}},{"start":{},"end":{}}]},"8":{"loc":{"start":{"line":79,"column":4},"end":{"line":81,"column":null}},"type":"if","locations":[{"start":{"line":79,"column":4},"end":{"line":81,"column":null}},{"start":{},"end":{}}]},"9":{"loc":{"start":{"line":85,"column":2},"end":{"line":87,"column":null}},"type":"if","locations":[{"start":{"line":85,"column":2},"end":{"line":87,"column":null}},{"start":{},"end":{}}]},"10":{"loc":{"start":{"line":100,"column":20},"end":{"line":100,"column":54}},"type":"binary-expr","locations":[{"start":{"line":100,"column":20},"end":{"line":100,"column":43}},{"start":{"line":100,"column":43},"end":{"line":100,"column":54}}]},"11":{"loc":{"start":{"line":102,"column":6},"end":{"line":102,"column":null}},"type":"if","locations":[{"start":{"line":102,"column":6},"end":{"line":102,"column":null}},{"start":{},"end":{}}]},"12":{"loc":{"start":{"line":103,"column":6},"end":{"line":103,"column":null}},"type":"if","locations":[{"start":{"line":103,"column":6},"end":{"line":103,"column":null}},{"start":{},"end":{}}]},"13":{"loc":{"start":{"line":104,"column":6},"end":{"line":104,"column":null}},"type":"if","locations":[{"start":{"line":104,"column":6},"end":{"line":104,"column":null}},{"start":{},"end":{}}]}},"s":{"0":4,"1":4,"2":4,"3":0,"4":4,"5":4,"6":4,"7":4,"8":4,"9":4,"10":0,"11":0,"12":4,"13":4,"14":4,"15":4,"16":4,"17":4,"18":0,"19":10,"20":1,"21":9,"22":9,"23":9,"24":9,"25":1,"26":1,"27":1,"28":1,"29":9,"30":9,"31":9,"32":10,"33":10,"34":10,"35":10,"36":10,"37":10,"38":12,"39":12,"40":1,"41":11,"42":1,"43":10,"44":2,"45":8,"46":8,"47":9,"48":11},"f":{"0":4,"1":4,"2":0,"3":10,"4":11},"b":{"0":[4,0],"1":[4,0],"2":[0,4],"3":[4,0],"4":[4,0],"5":[4,0],"6":[0,0],"7":[1,9],"8":[1,0],"9":[9,0],"10":[22,12],"11":[1,11],"12":[1,10],"13":[2,8]}}
,"C:/Users/smili/Desktop/accountic-ui-ux/src/lib/quality.ts": {"path":"C:/Users/smili/Desktop/accountic-ui-ux/src/lib/quality.ts","statementMap":{"0":{"start":{"line":13,"column":30},"end":{"line":13,"column":null}},"1":{"start":{"line":19,"column":27},"end":{"line":19,"column":null}},"2":{"start":{"line":21,"column":15},"end":{"line":21,"column":null}},"3":{"start":{"line":22,"column":22},"end":{"line":22,"column":null}},"4":{"start":{"line":23,"column":22},"end":{"line":23,"column":null}},"5":{"start":{"line":24,"column":23},"end":{"line":24,"column":null}},"6":{"start":{"line":25,"column":22},"end":{"line":25,"column":null}},"7":{"start":{"line":27,"column":2},"end":{"line":31,"column":null}},"8":{"start":{"line":28,"column":4},"end":{"line":30,"column":null}},"9":{"start":{"line":32,"column":2},"end":{"line":36,"column":null}},"10":{"start":{"line":33,"column":4},"end":{"line":35,"column":null}},"11":{"start":{"line":37,"column":2},"end":{"line":39,"column":null}},"12":{"start":{"line":38,"column":4},"end":{"line":38,"column":null}},"13":{"start":{"line":41,"column":2},"end":{"line":45,"column":null}},"14":{"start":{"line":51,"column":20},"end":{"line":51,"column":null}},"15":{"start":{"line":52,"column":16},"end":{"line":52,"column":null}},"16":{"start":{"line":53,"column":20},"end":{"line":53,"column":null}},"17":{"start":{"line":55,"column":2},"end":{"line":55,"column":null}},"18":{"start":{"line":55,"column":38},"end":{"line":55,"column":null}},"19":{"start":{"line":57,"column":16},"end":{"line":57,"column":null}},"20":{"start":{"line":58,"column":2},"end":{"line":58,"column":null}},"21":{"start":{"line":62,"column":18},"end":{"line":62,"column":null}},"22":{"start":{"line":63,"column":2},"end":{"line":63,"column":null}},"23":{"start":{"line":67,"column":18},"end":{"line":67,"column":null}},"24":{"start":{"line":68,"column":2},"end":{"line":68,"column":null}},"25":{"start":{"line":72,"column":16},"end":{"line":72,"column":null}},"26":{"start":{"line":73,"column":2},"end":{"line":73,"column":null}},"27":{"start":{"line":73,"column":39},"end":{"line":73,"column":70}},"28":{"start":{"line":77,"column":12},"end":{"line":77,"column":null}},"29":{"start":{"line":78,"column":2},"end":{"line":78,"column":null}},"30":{"start":{"line":78,"column":21},"end":{"line":78,"column":null}},"31":{"start":{"line":80,"column":19},"end":{"line":80,"column":null}},"32":{"start":{"line":81,"column":18},"end":{"line":81,"column":null}},"33":{"start":{"line":82,"column":2},"end":{"line":82,"column":null}},"34":{"start":{"line":88,"column":2},"end":{"line":92,"column":null}},"35":{"start":{"line":98,"column":16},"end":{"line":98,"column":null}},"36":{"start":{"line":99,"column":2},"end":{"line":99,"column":null}},"37":{"start":{"line":99,"column":24},"end":{"line":99,"column":null}},"38":{"start":{"line":102,"column":23},"end":{"line":102,"column":null}},"39":{"start":{"line":103,"column":20},"end":{"line":103,"column":null}},"40":{"start":{"line":104,"column":2},"end":{"line":113,"column":null}},"41":{"start":{"line":104,"column":15},"end":{"line":104,"column":18}},"42":{"start":{"line":105,"column":17},"end":{"line":105,"column":null}},"43":{"start":{"line":106,"column":17},"end":{"line":106,"column":null}},"44":{"start":{"line":107,"column":4},"end":{"line":112,"column":null}},"45":{"start":{"line":108,"column":6},"end":{"line":108,"column":null}},"46":{"start":{"line":109,"column":6},"end":{"line":109,"column":null}},"47":{"start":{"line":111,"column":6},"end":{"line":111,"column":null}},"48":{"start":{"line":114,"column":2},"end":{"line":114,"column":null}},"49":{"start":{"line":119,"column":20},"end":{"line":119,"column":null}},"50":{"start":{"line":121,"column":2},"end":{"line":121,"column":null}},"51":{"start":{"line":126,"column":21},"end":{"line":126,"column":null}},"52":{"start":{"line":127,"column":20},"end":{"line":127,"column":null}},"53":{"start":{"line":128,"column":27},"end":{"line":128,"column":null}},"54":{"start":{"line":129,"column":22},"end":{"line":129,"column":null}},"55":{"start":{"line":131,"column":2},"end":{"line":134,"column":null}},"56":{"start":{"line":140,"column":27},"end":{"line":140,"column":null}},"57":{"start":{"line":141,"column":27},"end":{"line":141,"column":null}},"58":{"start":{"line":142,"column":2},"end":{"line":142,"column":null}},"59":{"start":{"line":149,"column":13},"end":{"line":149,"column":null}},"60":{"start":{"line":152,"column":2},"end":{"line":152,"column":null}},"61":{"start":{"line":153,"column":2},"end":{"line":153,"column":null}},"62":{"start":{"line":156,"column":2},"end":{"line":156,"column":null}},"63":{"start":{"line":159,"column":2},"end":{"line":159,"column":null}},"64":{"start":{"line":160,"column":2},"end":{"line":160,"column":null}},"65":{"start":{"line":163,"column":2},"end":{"line":163,"column":null}},"66":{"start":{"line":165,"column":2},"end":{"line":165,"column":null}}},"fnMap":{"0":{"name":"scoreArticle","decl":{"start":{"line":15,"column":16},"end":{"line":15,"column":null}},"loc":{"start":{"line":18,"column":17},"end":{"line":46,"column":null}}},"1":{"name":"fleschReadingEase","decl":{"start":{"line":50,"column":9},"end":{"line":50,"column":27}},"loc":{"start":{"line":50,"column":49},"end":{"line":59,"column":null}}},"2":{"name":"countSentences","decl":{"start":{"line":61,"column":9},"end":{"line":61,"column":24}},"loc":{"start":{"line":61,"column":46},"end":{"line":64,"column":null}}},"3":{"name":"countWords","decl":{"start":{"line":66,"column":9},"end":{"line":66,"column":20}},"loc":{"start":{"line":66,"column":42},"end":{"line":69,"column":null}}},"4":{"name":"countSyllables","decl":{"start":{"line":71,"column":9},"end":{"line":71,"column":24}},"loc":{"start":{"line":71,"column":46},"end":{"line":74,"column":null}}},"5":{"name":"(anonymous_5)","decl":{"start":{"line":73,"column":22},"end":{"line":73,"column":23}},"loc":{"start":{"line":73,"column":39},"end":{"line":73,"column":70}}},"6":{"name":"syllablesInWord","decl":{"start":{"line":76,"column":9},"end":{"line":76,"column":25}},"loc":{"start":{"line":76,"column":47},"end":{"line":83,"column":null}}},"7":{"name":"hasOriginalityMarker","decl":{"start":{"line":87,"column":9},"end":{"line":87,"column":30}},"loc":{"start":{"line":87,"column":53},"end":{"line":94,"column":null}}},"8":{"name":"hasNumberedWorkflow","decl":{"start":{"line":96,"column":9},"end":{"line":96,"column":29}},"loc":{"start":{"line":96,"column":52},"end":{"line":115,"column":null}}},"9":{"name":"hasComparisonTable","decl":{"start":{"line":117,"column":9},"end":{"line":117,"column":28}},"loc":{"start":{"line":117,"column":51},"end":{"line":122,"column":null}}},"10":{"name":"hasIndianTaxExample","decl":{"start":{"line":124,"column":9},"end":{"line":124,"column":29}},"loc":{"start":{"line":124,"column":52},"end":{"line":136,"column":null}}},"11":{"name":"hasNamedCaseStudy","decl":{"start":{"line":138,"column":9},"end":{"line":138,"column":27}},"loc":{"start":{"line":138,"column":50},"end":{"line":143,"column":null}}},"12":{"name":"stripFrontmatterAndCodeBlocks","decl":{"start":{"line":147,"column":9},"end":{"line":147,"column":39}},"loc":{"start":{"line":147,"column":60},"end":{"line":166,"column":null}}}},"branchMap":{"0":{"loc":{"start":{"line":27,"column":2},"end":{"line":31,"column":null}},"type":"if","locations":[{"start":{"line":27,"column":2},"end":{"line":31,"column":null}},{"start":{},"end":{}}]},"1":{"loc":{"start":{"line":32,"column":2},"end":{"line":36,"column":null}},"type":"if","locations":[{"start":{"line":32,"column":2},"end":{"line":36,"column":null}},{"start":{},"end":{}}]},"2":{"loc":{"start":{"line":37,"column":2},"end":{"line":39,"column":null}},"type":"if","locations":[{"start":{"line":37,"column":2},"end":{"line":39,"column":null}},{"start":{},"end":{}}]},"3":{"loc":{"start":{"line":37,"column":6},"end":{"line":37,"column":45}},"type":"binary-expr","locations":[{"start":{"line":37,"column":6},"end":{"line":37,"column":22}},{"start":{"line":37,"column":22},"end":{"line":37,"column":45}}]},"4":{"loc":{"start":{"line":55,"column":2},"end":{"line":55,"column":null}},"type":"if","locations":[{"start":{"line":55,"column":2},"end":{"line":55,"column":null}},{"start":{},"end":{}}]},"5":{"loc":{"start":{"line":55,"column":6},"end":{"line":55,"column":38}},"type":"binary-expr","locations":[{"start":{"line":55,"column":6},"end":{"line":55,"column":25}},{"start":{"line":55,"column":25},"end":{"line":55,"column":38}}]},"6":{"loc":{"start":{"line":63,"column":21},"end":{"line":63,"column":49}},"type":"cond-expr","locations":[{"start":{"line":63,"column":31},"end":{"line":63,"column":48}},{"start":{"line":63,"column":48},"end":{"line":63,"column":49}}]},"7":{"loc":{"start":{"line":68,"column":9},"end":{"line":68,"column":null}},"type":"cond-expr","locations":[{"start":{"line":68,"column":19},"end":{"line":68,"column":36}},{"start":{"line":68,"column":36},"end":{"line":68,"column":null}}]},"8":{"loc":{"start":{"line":72,"column":16},"end":{"line":72,"column":null}},"type":"binary-expr","locations":[{"start":{"line":72,"column":16},"end":{"line":72,"column":48}},{"start":{"line":72,"column":48},"end":{"line":72,"column":null}}]},"9":{"loc":{"start":{"line":78,"column":2},"end":{"line":78,"column":null}},"type":"if","locations":[{"start":{"line":78,"column":2},"end":{"line":78,"column":null}},{"start":{},"end":{}}]},"10":{"loc":{"start":{"line":82,"column":21},"end":{"line":82,"column":49}},"type":"cond-expr","locations":[{"start":{"line":82,"column":31},"end":{"line":82,"column":48}},{"start":{"line":82,"column":48},"end":{"line":82,"column":49}}]},"11":{"loc":{"start":{"line":89,"column":4},"end":{"line":92,"column":null}},"type":"binary-expr","locations":[{"start":{"line":89,"column":4},"end":{"line":89,"column":null}},{"start":{"line":90,"column":4},"end":{"line":90,"column":null}},{"start":{"line":91,"column":4},"end":{"line":91,"column":null}},{"start":{"line":92,"column":4},"end":{"line":92,"column":null}}]},"12":{"loc":{"start":{"line":98,"column":16},"end":{"line":98,"column":null}},"type":"binary-expr","locations":[{"start":{"line":98,"column":16},"end":{"line":98,"column":50}},{"start":{"line":98,"column":50},"end":{"line":98,"column":null}}]},"13":{"loc":{"start":{"line":99,"column":2},"end":{"line":99,"column":null}},"type":"if","locations":[{"start":{"line":99,"column":2},"end":{"line":99,"column":null}},{"start":{},"end":{}}]},"14":{"loc":{"start":{"line":105,"column":26},"end":{"line":105,"column":67}},"type":"binary-expr","locations":[{"start":{"line":105,"column":26},"end":{"line":105,"column":62}},{"start":{"line":105,"column":62},"end":{"line":105,"column":67}}]},"15":{"loc":{"start":{"line":106,"column":26},"end":{"line":106,"column":63}},"type":"binary-expr","locations":[{"start":{"line":106,"column":26},"end":{"line":106,"column":58}},{"start":{"line":106,"column":58},"end":{"line":106,"column":63}}]},"16":{"loc":{"start":{"line":107,"column":4},"end":{"line":112,"column":null}},"type":"if","locations":[{"start":{"line":107,"column":4},"end":{"line":112,"column":null}},{"start":{"line":110,"column":11},"end":{"line":112,"column":null}}]},"17":{"loc":{"start":{"line":114,"column":34},"end":{"line":114,"column":59}},"type":"cond-expr","locations":[{"start":{"line":114,"column":54},"end":{"line":114,"column":58}},{"start":{"line":114,"column":58},"end":{"line":114,"column":59}}]},"18":{"loc":{"start":{"line":119,"column":20},"end":{"line":119,"column":null}},"type":"binary-expr","locations":[{"start":{"line":119,"column":20},"end":{"line":119,"column":47}},{"start":{"line":119,"column":47},"end":{"line":119,"column":null}}]},"19":{"loc":{"start":{"line":132,"column":4},"end":{"line":134,"column":null}},"type":"binary-expr","locations":[{"start":{"line":132,"column":4},"end":{"line":132,"column":null}},{"start":{"line":133,"column":4},"end":{"line":133,"column":null}},{"start":{"line":134,"column":5},"end":{"line":134,"column":36}},{"start":{"line":134,"column":36},"end":{"line":134,"column":null}}]},"20":{"loc":{"start":{"line":142,"column":9},"end":{"line":142,"column":null}},"type":"binary-expr","locations":[{"start":{"line":142,"column":9},"end":{"line":142,"column":40}},{"start":{"line":142,"column":40},"end":{"line":142,"column":null}}]}},"s":{"0":3,"1":11,"2":11,"3":11,"4":11,"5":11,"6":11,"7":11,"8":4,"9":11,"10":2,"11":11,"12":1,"13":11,"14":11,"15":11,"16":11,"17":11,"18":0,"19":11,"20":11,"21":11,"22":11,"23":11,"24":11,"25":11,"26":11,"27":1466,"28":1466,"29":1466,"30":579,"31":887,"32":887,"33":887,"34":11,"35":11,"36":11,"37":2,"38":9,"39":9,"40":9,"41":9,"42":24,"43":24,"44":24,"45":24,"46":24,"47":0,"48":9,"49":2,"50":2,"51":2,"52":2,"53":2,"54":2,"55":2,"56":2,"57":2,"58":2,"59":11,"60":11,"61":11,"62":11,"63":11,"64":11,"65":11,"66":11},"f":{"0":11,"1":11,"2":11,"3":11,"4":11,"5":1466,"6":1466,"7":11,"8":11,"9":2,"10":2,"11":2,"12":11},"b":{"0":[4,7],"1":[2,9],"2":[1,10],"3":[11,1],"4":[0,11],"5":[11,11],"6":[11,0],"7":[11,0],"8":[11,0],"9":[579,887],"10":[851,36],"11":[11,2,2,2],"12":[11,2],"13":[2,9],"14":[24,0],"15":[24,0],"16":[24,0],"17":[9,0],"18":[2,2],"19":[2,2,2,0],"20":[2,2]}}
,"C:/Users/smili/Desktop/accountic-ui-ux/src/lib/redact.ts": {"path":"C:/Users/smili/Desktop/accountic-ui-ux/src/lib/redact.ts","statementMap":{"0":{"start":{"line":2,"column":38},"end":{"line":7,"column":null}},"1":{"start":{"line":11,"column":12},"end":{"line":11,"column":null}},"2":{"start":{"line":12,"column":2},"end":{"line":14,"column":null}},"3":{"start":{"line":13,"column":4},"end":{"line":13,"column":null}},"4":{"start":{"line":15,"column":2},"end":{"line":15,"column":null}},"5":{"start":{"line":21,"column":14},"end":{"line":21,"column":null}},"6":{"start":{"line":22,"column":2},"end":{"line":22,"column":null}}},"fnMap":{"0":{"name":"redactSecrets","decl":{"start":{"line":10,"column":16},"end":{"line":10,"column":30}},"loc":{"start":{"line":10,"column":49},"end":{"line":16,"column":null}}},"1":{"name":"safeErrorMessage","decl":{"start":{"line":20,"column":16},"end":{"line":20,"column":33}},"loc":{"start":{"line":20,"column":55},"end":{"line":23,"column":null}}}},"branchMap":{"0":{"loc":{"start":{"line":21,"column":14},"end":{"line":21,"column":null}},"type":"cond-expr","locations":[{"start":{"line":21,"column":37},"end":{"line":21,"column":51}},{"start":{"line":21,"column":51},"end":{"line":21,"column":null}}]}},"s":{"0":4,"1":17,"2":17,"3":68,"4":17,"5":10,"6":10},"f":{"0":17,"1":10},"b":{"0":[8,2]}}
,"C:/Users/smili/Desktop/accountic-ui-ux/src/lib/regression.ts": {"path":"C:/Users/smili/Desktop/accountic-ui-ux/src/lib/regression.ts","statementMap":{"0":{"start":{"line":11,"column":2},"end":{"line":20,"column":null}},"1":{"start":{"line":26,"column":2},"end":{"line":26,"column":null}},"2":{"start":{"line":30,"column":18},"end":{"line":30,"column":null}},"3":{"start":{"line":31,"column":2},"end":{"line":33,"column":null}},"4":{"start":{"line":31,"column":15},"end":{"line":31,"column":18}},"5":{"start":{"line":32,"column":4},"end":{"line":32,"column":null}},"6":{"start":{"line":34,"column":2},"end":{"line":34,"column":null}},"7":{"start":{"line":38,"column":19},"end":{"line":38,"column":null}},"8":{"start":{"line":39,"column":19},"end":{"line":39,"column":null}},"9":{"start":{"line":41,"column":2},"end":{"line":41,"column":null}},"10":{"start":{"line":41,"column":50},"end":{"line":41,"column":null}},"11":{"start":{"line":42,"column":2},"end":{"line":42,"column":null}},"12":{"start":{"line":42,"column":50},"end":{"line":42,"column":null}},"13":{"start":{"line":44,"column":21},"end":{"line":44,"column":null}},"14":{"start":{"line":45,"column":2},"end":{"line":47,"column":null}},"15":{"start":{"line":46,"column":4},"end":{"line":46,"column":null}},"16":{"start":{"line":46,"column":26},"end":{"line":46,"column":null}},"17":{"start":{"line":49,"column":16},"end":{"line":49,"column":null}},"18":{"start":{"line":50,"column":2},"end":{"line":50,"column":null}},"19":{"start":{"line":56,"column":29},"end":{"line":56,"column":null}},"20":{"start":{"line":57,"column":2},"end":{"line":60,"column":null}},"21":{"start":{"line":58,"column":18},"end":{"line":58,"column":null}},"22":{"start":{"line":59,"column":4},"end":{"line":59,"column":null}},"23":{"start":{"line":59,"column":15},"end":{"line":59,"column":null}},"24":{"start":{"line":61,"column":2},"end":{"line":61,"column":null}},"25":{"start":{"line":65,"column":23},"end":{"line":65,"column":null}},"26":{"start":{"line":66,"column":22},"end":{"line":66,"column":null}},"27":{"start":{"line":66,"column":68},"end":{"line":66,"column":83}},"28":{"start":{"line":67,"column":2},"end":{"line":67,"column":null}},"29":{"start":{"line":67,"column":34},"end":{"line":67,"column":67}},"30":{"start":{"line":72,"column":28},"end":{"line":75,"column":null}},"31":{"start":{"line":77,"column":24},"end":{"line":77,"column":null}},"32":{"start":{"line":78,"column":26},"end":{"line":78,"column":null}},"33":{"start":{"line":82,"column":2},"end":{"line":82,"column":null}},"34":{"start":{"line":86,"column":14},"end":{"line":86,"column":null}},"35":{"start":{"line":87,"column":2},"end":{"line":87,"column":null}},"36":{"start":{"line":87,"column":57},"end":{"line":87,"column":69}},"37":{"start":{"line":91,"column":19},"end":{"line":91,"column":null}},"38":{"start":{"line":93,"column":2},"end":{"line":95,"column":null}},"39":{"start":{"line":94,"column":4},"end":{"line":94,"column":null}},"40":{"start":{"line":94,"column":49},"end":{"line":94,"column":null}},"41":{"start":{"line":97,"column":19},"end":{"line":97,"column":null}},"42":{"start":{"line":98,"column":2},"end":{"line":98,"column":null}},"43":{"start":{"line":98,"column":28},"end":{"line":98,"column":null}},"44":{"start":{"line":100,"column":2},"end":{"line":100,"column":null}},"45":{"start":{"line":100,"column":47},"end":{"line":100,"column":null}},"46":{"start":{"line":102,"column":2},"end":{"line":102,"column":null}},"47":{"start":{"line":106,"column":23},"end":{"line":106,"column":null}},"48":{"start":{"line":107,"column":18},"end":{"line":107,"column":null}},"49":{"start":{"line":108,"column":2},"end":{"line":117,"column":null}},"50":{"start":{"line":110,"column":4},"end":{"line":116,"column":null}},"51":{"start":{"line":111,"column":6},"end":{"line":111,"column":null}},"52":{"start":{"line":111,"column":37},"end":{"line":111,"column":null}},"53":{"start":{"line":114,"column":26},"end":{"line":114,"column":null}},"54":{"start":{"line":115,"column":6},"end":{"line":115,"column":null}},"55":{"start":{"line":115,"column":36},"end":{"line":115,"column":null}},"56":{"start":{"line":118,"column":2},"end":{"line":118,"column":null}},"57":{"start":{"line":124,"column":23},"end":{"line":124,"column":null}},"58":{"start":{"line":125,"column":22},"end":{"line":125,"column":null}},"59":{"start":{"line":126,"column":2},"end":{"line":128,"column":null}},"60":{"start":{"line":127,"column":4},"end":{"line":127,"column":null}},"61":{"start":{"line":127,"column":30},"end":{"line":127,"column":null}},"62":{"start":{"line":129,"column":2},"end":{"line":129,"column":null}},"63":{"start":{"line":139,"column":21},"end":{"line":139,"column":null}},"64":{"start":{"line":140,"column":2},"end":{"line":142,"column":null}},"65":{"start":{"line":141,"column":4},"end":{"line":141,"column":null}},"66":{"start":{"line":144,"column":2},"end":{"line":146,"column":null}},"67":{"start":{"line":145,"column":4},"end":{"line":145,"column":null}},"68":{"start":{"line":148,"column":2},"end":{"line":150,"column":null}},"69":{"start":{"line":149,"column":4},"end":{"line":149,"column":null}},"70":{"start":{"line":152,"column":2},"end":{"line":152,"column":null}}},"fnMap":{"0":{"name":"stripMarkdown","decl":{"start":{"line":10,"column":9},"end":{"line":10,"column":23}},"loc":{"start":{"line":10,"column":45},"end":{"line":21,"column":null}}},"1":{"name":"tokenize","decl":{"start":{"line":25,"column":9},"end":{"line":25,"column":18}},"loc":{"start":{"line":25,"column":42},"end":{"line":27,"column":null}}},"2":{"name":"buildBigrams","decl":{"start":{"line":29,"column":9},"end":{"line":29,"column":22}},"loc":{"start":{"line":29,"column":53},"end":{"line":35,"column":null}}},"3":{"name":"computeBigramJaccard","decl":{"start":{"line":37,"column":16},"end":{"line":37,"column":37}},"loc":{"start":{"line":37,"column":67},"end":{"line":51,"column":null}}},"4":{"name":"extractHeadings","decl":{"start":{"line":55,"column":16},"end":{"line":55,"column":32}},"loc":{"start":{"line":55,"column":59},"end":{"line":62,"column":null}}},"5":{"name":"headingsMissing","decl":{"start":{"line":64,"column":9},"end":{"line":64,"column":25}},"loc":{"start":{"line":64,"column":71},"end":{"line":68,"column":null}}},"6":{"name":"(anonymous_6)","decl":{"start":{"line":66,"column":61},"end":{"line":66,"column":62}},"loc":{"start":{"line":66,"column":68},"end":{"line":66,"column":83}}},"7":{"name":"(anonymous_7)","decl":{"start":{"line":67,"column":27},"end":{"line":67,"column":28}},"loc":{"start":{"line":67,"column":34},"end":{"line":67,"column":67}}},"8":{"name":"normaliseNumeric","decl":{"start":{"line":80,"column":9},"end":{"line":80,"column":26}},"loc":{"start":{"line":80,"column":45},"end":{"line":83,"column":null}}},"9":{"name":"extractAllNumerics","decl":{"start":{"line":85,"column":9},"end":{"line":85,"column":28}},"loc":{"start":{"line":85,"column":55},"end":{"line":88,"column":null}}},"10":{"name":"(anonymous_10)","decl":{"start":{"line":87,"column":50},"end":{"line":87,"column":51}},"loc":{"start":{"line":87,"column":57},"end":{"line":87,"column":69}}},"11":{"name":"extractComplianceEntities","decl":{"start":{"line":90,"column":16},"end":{"line":90,"column":42}},"loc":{"start":{"line":90,"column":72},"end":{"line":103,"column":null}}},"12":{"name":"entitiesMissing","decl":{"start":{"line":105,"column":9},"end":{"line":105,"column":25}},"loc":{"start":{"line":105,"column":71},"end":{"line":119,"column":null}}},"13":{"name":"checkNewNumerics","decl":{"start":{"line":123,"column":16},"end":{"line":123,"column":33}},"loc":{"start":{"line":123,"column":79},"end":{"line":130,"column":null}}},"14":{"name":"detectRegression","decl":{"start":{"line":134,"column":16},"end":{"line":134,"column":null}},"loc":{"start":{"line":138,"column":20},"end":{"line":153,"column":null}}}},"branchMap":{"0":{"loc":{"start":{"line":26,"column":9},"end":{"line":26,"column":null}},"type":"binary-expr","locations":[{"start":{"line":26,"column":9},"end":{"line":26,"column":57}},{"start":{"line":26,"column":57},"end":{"line":26,"column":null}}]},"1":{"loc":{"start":{"line":41,"column":2},"end":{"line":41,"column":null}},"type":"if","locations":[{"start":{"line":41,"column":2},"end":{"line":41,"column":null}},{"start":{},"end":{}}]},"2":{"loc":{"start":{"line":41,"column":6},"end":{"line":41,"column":50}},"type":"binary-expr","locations":[{"start":{"line":41,"column":6},"end":{"line":41,"column":29}},{"start":{"line":41,"column":29},"end":{"line":41,"column":50}}]},"3":{"loc":{"start":{"line":42,"column":2},"end":{"line":42,"column":null}},"type":"if","locations":[{"start":{"line":42,"column":2},"end":{"line":42,"column":null}},{"start":{},"end":{}}]},"4":{"loc":{"start":{"line":42,"column":6},"end":{"line":42,"column":50}},"type":"binary-expr","locations":[{"start":{"line":42,"column":6},"end":{"line":42,"column":29}},{"start":{"line":42,"column":29},"end":{"line":42,"column":50}}]},"5":{"loc":{"start":{"line":46,"column":4},"end":{"line":46,"column":null}},"type":"if","locations":[{"start":{"line":46,"column":4},"end":{"line":46,"column":null}},{"start":{},"end":{}}]},"6":{"loc":{"start":{"line":59,"column":4},"end":{"line":59,"column":null}},"type":"if","locations":[{"start":{"line":59,"column":4},"end":{"line":59,"column":null}},{"start":{},"end":{}}]},"7":{"loc":{"start":{"line":86,"column":14},"end":{"line":86,"column":null}},"type":"binary-expr","locations":[{"start":{"line":86,"column":14},"end":{"line":86,"column":94}},{"start":{"line":86,"column":94},"end":{"line":86,"column":null}}]},"8":{"loc":{"start":{"line":94,"column":4},"end":{"line":94,"column":null}},"type":"if","locations":[{"start":{"line":94,"column":4},"end":{"line":94,"column":null}},{"start":{},"end":{}}]},"9":{"loc":{"start":{"line":97,"column":19},"end":{"line":97,"column":null}},"type":"binary-expr","locations":[{"start":{"line":97,"column":19},"end":{"line":97,"column":55}},{"start":{"line":97,"column":55},"end":{"line":97,"column":null}}]},"10":{"loc":{"start":{"line":110,"column":4},"end":{"line":116,"column":null}},"type":"if","locations":[{"start":{"line":110,"column":4},"end":{"line":116,"column":null}},{"start":{"line":112,"column":11},"end":{"line":116,"column":null}}]},"11":{"loc":{"start":{"line":110,"column":8},"end":{"line":110,"column":78}},"type":"binary-expr","locations":[{"start":{"line":110,"column":8},"end":{"line":110,"column":48}},{"start":{"line":110,"column":48},"end":{"line":110,"column":78}}]},"12":{"loc":{"start":{"line":111,"column":6},"end":{"line":111,"column":null}},"type":"if","locations":[{"start":{"line":111,"column":6},"end":{"line":111,"column":null}},{"start":{},"end":{}}]},"13":{"loc":{"start":{"line":115,"column":6},"end":{"line":115,"column":null}},"type":"if","locations":[{"start":{"line":115,"column":6},"end":{"line":115,"column":null}},{"start":{},"end":{}}]},"14":{"loc":{"start":{"line":127,"column":4},"end":{"line":127,"column":null}},"type":"if","locations":[{"start":{"line":127,"column":4},"end":{"line":127,"column":null}},{"start":{},"end":{}}]},"15":{"loc":{"start":{"line":140,"column":2},"end":{"line":142,"column":null}},"type":"if","locations":[{"start":{"line":140,"column":2},"end":{"line":142,"column":null}},{"start":{},"end":{}}]},"16":{"loc":{"start":{"line":144,"column":2},"end":{"line":146,"column":null}},"type":"if","locations":[{"start":{"line":144,"column":2},"end":{"line":146,"column":null}},{"start":{},"end":{}}]},"17":{"loc":{"start":{"line":148,"column":2},"end":{"line":150,"column":null}},"type":"if","locations":[{"start":{"line":148,"column":2},"end":{"line":150,"column":null}},{"start":{},"end":{}}]}},"s":{"0":38,"1":38,"2":38,"3":38,"4":38,"5":10082,"6":38,"7":19,"8":19,"9":19,"10":1,"11":18,"12":2,"13":16,"14":16,"15":4215,"16":4067,"17":16,"18":16,"19":27,"20":27,"21":1235,"22":1235,"23":147,"24":27,"25":12,"26":12,"27":71,"28":12,"29":67,"30":2,"31":2,"32":2,"33":18647,"34":247,"35":247,"36":18647,"37":15,"38":15,"39":180,"40":51,"41":15,"42":15,"43":110,"44":15,"45":260,"46":15,"47":10,"48":10,"49":10,"50":313,"51":97,"52":2,"53":216,"54":216,"55":0,"56":8,"57":8,"58":8,"59":8,"60":140,"61":2,"62":6,"63":13,"64":13,"65":1,"66":12,"67":2,"68":10,"69":2,"70":8},"f":{"0":38,"1":38,"2":38,"3":19,"4":27,"5":12,"6":71,"7":67,"8":18647,"9":247,"10":18647,"11":15,"12":10,"13":8,"14":13},"b":{"0":[38,4],"1":[1,18],"2":[19,2],"3":[2,16],"4":[18,17],"5":[4067,148],"6":[147,1088],"7":[247,1],"8":[51,129],"9":[15,2],"10":[97,216],"11":[313,272],"12":[2,95],"13":[0,216],"14":[2,138],"15":[1,12],"16":[2,10],"17":[2,8]}}
,"C:/Users/smili/Desktop/accountic-ui-ux/src/lib/safety.ts": {"path":"C:/Users/smili/Desktop/accountic-ui-ux/src/lib/safety.ts","statementMap":{"0":{"start":{"line":5,"column":4},"end":{"line":5,"column":null}},"1":{"start":{"line":6,"column":4},"end":{"line":6,"column":null}},"2":{"start":{"line":12,"column":4},"end":{"line":12,"column":null}},"3":{"start":{"line":11,"column":30},"end":{"line":11,"column":61}},"4":{"start":{"line":11,"column":61},"end":{"line":11,"column":82}},"5":{"start":{"line":13,"column":4},"end":{"line":13,"column":null}},"6":{"start":{"line":21,"column":14},"end":{"line":24,"column":null}},"7":{"start":{"line":25,"column":2},"end":{"line":25,"column":null}},"8":{"start":{"line":25,"column":29},"end":{"line":25,"column":null}},"9":{"start":{"line":38,"column":16},"end":{"line":38,"column":null}},"10":{"start":{"line":39,"column":32},"end":{"line":54,"column":null}},"11":{"start":{"line":56,"column":16},"end":{"line":56,"column":null}},"12":{"start":{"line":57,"column":17},"end":{"line":57,"column":null}},"13":{"start":{"line":59,"column":2},"end":{"line":61,"column":null}},"14":{"start":{"line":60,"column":4},"end":{"line":60,"column":null}},"15":{"start":{"line":72,"column":2},"end":{"line":83,"column":null}},"16":{"start":{"line":73,"column":4},"end":{"line":73,"column":null}},"17":{"start":{"line":74,"column":4},"end":{"line":74,"column":null}},"18":{"start":{"line":76,"column":4},"end":{"line":81,"column":null}},"19":{"start":{"line":77,"column":6},"end":{"line":79,"column":null}},"20":{"start":{"line":80,"column":6},"end":{"line":80,"column":null}},"21":{"start":{"line":82,"column":4},"end":{"line":82,"column":null}}},"fnMap":{"0":{"name":"(anonymous_0)","decl":{"start":{"line":4,"column":2},"end":{"line":4,"column":16}},"loc":{"start":{"line":4,"column":16},"end":{"line":7,"column":null}}},"1":{"name":"(anonymous_1)","decl":{"start":{"line":11,"column":2},"end":{"line":11,"column":30}},"loc":{"start":{"line":11,"column":82},"end":{"line":14,"column":null}}},"2":{"name":"checkEmergencyStop","decl":{"start":{"line":20,"column":22},"end":{"line":20,"column":41}},"loc":{"start":{"line":20,"column":72},"end":{"line":26,"column":null}}},"3":{"name":"checkCircuitBreaker","decl":{"start":{"line":32,"column":22},"end":{"line":32,"column":null}},"loc":{"start":{"line":37,"column":17},"end":{"line":62,"column":null}}},"4":{"name":"budgetAllowsEnqueue","decl":{"start":{"line":67,"column":22},"end":{"line":67,"column":null}},"loc":{"start":{"line":71,"column":20},"end":{"line":84,"column":null}}}},"branchMap":{"0":{"loc":{"start":{"line":25,"column":2},"end":{"line":25,"column":null}},"type":"if","locations":[{"start":{"line":25,"column":2},"end":{"line":25,"column":null}},{"start":{},"end":{}}]},"1":{"loc":{"start":{"line":35,"column":2},"end":{"line":35,"column":null}},"type":"default-arg","locations":[{"start":{"line":35,"column":18},"end":{"line":35,"column":null}}]},"2":{"loc":{"start":{"line":36,"column":2},"end":{"line":36,"column":null}},"type":"default-arg","locations":[{"start":{"line":36,"column":19},"end":{"line":36,"column":null}}]},"3":{"loc":{"start":{"line":56,"column":16},"end":{"line":56,"column":null}},"type":"binary-expr","locations":[{"start":{"line":56,"column":16},"end":{"line":56,"column":35}},{"start":{"line":56,"column":35},"end":{"line":56,"column":null}}]},"4":{"loc":{"start":{"line":57,"column":17},"end":{"line":57,"column":null}},"type":"binary-expr","locations":[{"start":{"line":57,"column":17},"end":{"line":57,"column":37}},{"start":{"line":57,"column":37},"end":{"line":57,"column":null}}]},"5":{"loc":{"start":{"line":59,"column":2},"end":{"line":61,"column":null}},"type":"if","locations":[{"start":{"line":59,"column":2},"end":{"line":61,"column":null}},{"start":{},"end":{}}]},"6":{"loc":{"start":{"line":59,"column":6},"end":{"line":59,"column":54}},"type":"binary-expr","locations":[{"start":{"line":59,"column":6},"end":{"line":59,"column":20}},{"start":{"line":59,"column":20},"end":{"line":59,"column":54}}]},"7":{"loc":{"start":{"line":76,"column":4},"end":{"line":81,"column":null}},"type":"if","locations":[{"start":{"line":76,"column":4},"end":{"line":81,"column":null}},{"start":{},"end":{}}]}},"s":{"0":6,"1":6,"2":2,"3":2,"4":2,"5":2,"6":55,"7":55,"8":6,"9":15,"10":15,"11":15,"12":15,"13":15,"14":2,"15":25,"16":25,"17":21,"18":4,"19":4,"20":4,"21":0},"f":{"0":6,"1":2,"2":55,"3":15,"4":25},"b":{"0":[6,49],"1":[15],"2":[15],"3":[15,0],"4":[15,0],"5":[2,13],"6":[15,3],"7":[4,0]}}
,"C:/Users/smili/Desktop/accountic-ui-ux/src/lib/schema-validate.ts": {"path":"C:/Users/smili/Desktop/accountic-ui-ux/src/lib/schema-validate.ts","statementMap":{"0":{"start":{"line":14,"column":30},"end":{"line":25,"column":null}},"1":{"start":{"line":39,"column":16},"end":{"line":39,"column":null}},"2":{"start":{"line":41,"column":1},"end":{"line":43,"column":null}},"3":{"start":{"line":42,"column":2},"end":{"line":42,"column":null}},"4":{"start":{"line":45,"column":16},"end":{"line":48,"column":null}},"5":{"start":{"line":46,"column":15},"end":{"line":46,"column":null}},"6":{"start":{"line":47,"column":2},"end":{"line":47,"column":null}},"7":{"start":{"line":50,"column":1},"end":{"line":50,"column":null}}},"fnMap":{"0":{"name":"validatePostFrontmatter","decl":{"start":{"line":38,"column":16},"end":{"line":38,"column":40}},"loc":{"start":{"line":38,"column":73},"end":{"line":51,"column":null}}},"1":{"name":"(anonymous_1)","decl":{"start":{"line":45,"column":40},"end":{"line":45,"column":41}},"loc":{"start":{"line":45,"column":51},"end":{"line":48,"column":2}}}},"branchMap":{"0":{"loc":{"start":{"line":41,"column":1},"end":{"line":43,"column":null}},"type":"if","locations":[{"start":{"line":41,"column":1},"end":{"line":43,"column":null}},{"start":{},"end":{}}]},"1":{"loc":{"start":{"line":46,"column":15},"end":{"line":46,"column":null}},"type":"cond-expr","locations":[{"start":{"line":46,"column":39},"end":{"line":46,"column":62}},{"start":{"line":46,"column":62},"end":{"line":46,"column":null}}]}},"s":{"0":3,"1":11,"2":11,"3":10,"4":1,"5":1,"6":1,"7":1},"f":{"0":11,"1":1},"b":{"0":[10,1],"1":[1,0]}}
,"C:/Users/smili/Desktop/accountic-ui-ux/src/lib/seo-schema.ts": {"path":"C:/Users/smili/Desktop/accountic-ui-ux/src/lib/seo-schema.ts","statementMap":{"0":{"start":{"line":1,"column":17},"end":{"line":1,"column":null}},"1":{"start":{"line":13,"column":16},"end":{"line":13,"column":null}},"2":{"start":{"line":14,"column":22},"end":{"line":14,"column":null}},"3":{"start":{"line":15,"column":18},"end":{"line":15,"column":null}},"4":{"start":{"line":16,"column":17},"end":{"line":16,"column":null}},"5":{"start":{"line":17,"column":15},"end":{"line":17,"column":null}},"6":{"start":{"line":19,"column":17},"end":{"line":35,"column":null}},"7":{"start":{"line":37,"column":2},"end":{"line":37,"column":null}},"8":{"start":{"line":42,"column":23},"end":{"line":42,"column":null}},"9":{"start":{"line":43,"column":23},"end":{"line":43,"column":null}},"10":{"start":{"line":44,"column":2},"end":{"line":44,"column":null}},"11":{"start":{"line":44,"column":21},"end":{"line":44,"column":null}},"12":{"start":{"line":47,"column":23},"end":{"line":47,"column":null}},"13":{"start":{"line":48,"column":17},"end":{"line":48,"column":null}},"14":{"start":{"line":49,"column":25},"end":{"line":51,"column":null}},"15":{"start":{"line":54,"column":61},"end":{"line":54,"column":null}},"16":{"start":{"line":55,"column":14},"end":{"line":55,"column":null}},"17":{"start":{"line":56,"column":16},"end":{"line":56,"column":null}},"18":{"start":{"line":58,"column":10},"end":{"line":58,"column":null}},"19":{"start":{"line":59,"column":2},"end":{"line":78,"column":null}},"20":{"start":{"line":60,"column":19},"end":{"line":60,"column":null}},"21":{"start":{"line":61,"column":4},"end":{"line":77,"column":null}},"22":{"start":{"line":62,"column":23},"end":{"line":62,"column":null}},"23":{"start":{"line":64,"column":36},"end":{"line":64,"column":null}},"24":{"start":{"line":65,"column":6},"end":{"line":65,"column":null}},"25":{"start":{"line":66,"column":6},"end":{"line":70,"column":null}},"26":{"start":{"line":67,"column":21},"end":{"line":67,"column":null}},"27":{"start":{"line":68,"column":8},"end":{"line":68,"column":null}},"28":{"start":{"line":68,"column":18},"end":{"line":68,"column":null}},"29":{"start":{"line":69,"column":8},"end":{"line":69,"column":null}},"30":{"start":{"line":71,"column":21},"end":{"line":71,"column":null}},"31":{"start":{"line":72,"column":6},"end":{"line":74,"column":null}},"32":{"start":{"line":73,"column":8},"end":{"line":73,"column":null}},"33":{"start":{"line":76,"column":6},"end":{"line":76,"column":null}},"34":{"start":{"line":80,"column":2},"end":{"line":80,"column":null}},"35":{"start":{"line":80,"column":26},"end":{"line":80,"column":null}},"36":{"start":{"line":82,"column":17},"end":{"line":93,"column":null}},"37":{"start":{"line":85,"column":53},"end":{"line":92,"column":6}},"38":{"start":{"line":95,"column":2},"end":{"line":95,"column":null}},"39":{"start":{"line":99,"column":17},"end":{"line":122,"column":null}},"40":{"start":{"line":124,"column":2},"end":{"line":124,"column":null}},"41":{"start":{"line":131,"column":29},"end":{"line":131,"column":null}},"42":{"start":{"line":133,"column":2},"end":{"line":133,"column":null}},"43":{"start":{"line":133,"column":8},"end":{"line":133,"column":70}},"44":{"start":{"line":135,"column":14},"end":{"line":135,"column":null}},"45":{"start":{"line":136,"column":2},"end":{"line":138,"column":null}},"46":{"start":{"line":137,"column":4},"end":{"line":137,"column":null}},"47":{"start":{"line":137,"column":10},"end":{"line":137,"column":41}},"48":{"start":{"line":140,"column":2},"end":{"line":146,"column":null}},"49":{"start":{"line":141,"column":4},"end":{"line":145,"column":null}},"50":{"start":{"line":148,"column":2},"end":{"line":148,"column":null}},"51":{"start":{"line":148,"column":28},"end":{"line":148,"column":null}},"52":{"start":{"line":149,"column":2},"end":{"line":149,"column":null}}},"fnMap":{"0":{"name":"generateArticleSchema","decl":{"start":{"line":12,"column":16},"end":{"line":12,"column":38}},"loc":{"start":{"line":12,"column":79},"end":{"line":38,"column":null}}},"1":{"name":"generateFAQSchema","decl":{"start":{"line":40,"column":16},"end":{"line":40,"column":34}},"loc":{"start":{"line":40,"column":66},"end":{"line":96,"column":null}}},"2":{"name":"(anonymous_2)","decl":{"start":{"line":85,"column":26},"end":{"line":85,"column":27}},"loc":{"start":{"line":85,"column":53},"end":{"line":92,"column":6}}},"3":{"name":"generateBreadcrumbSchema","decl":{"start":{"line":98,"column":16},"end":{"line":98,"column":41}},"loc":{"start":{"line":98,"column":94},"end":{"line":125,"column":null}}},"4":{"name":"buildSchemaScriptBlock","decl":{"start":{"line":127,"column":16},"end":{"line":127,"column":null}},"loc":{"start":{"line":130,"column":10},"end":{"line":150,"column":null}}}},"branchMap":{"0":{"loc":{"start":{"line":13,"column":23},"end":{"line":13,"column":46}},"type":"binary-expr","locations":[{"start":{"line":13,"column":23},"end":{"line":13,"column":44}},{"start":{"line":13,"column":44},"end":{"line":13,"column":46}}]},"1":{"loc":{"start":{"line":14,"column":29},"end":{"line":14,"column":58}},"type":"binary-expr","locations":[{"start":{"line":14,"column":29},"end":{"line":14,"column":56}},{"start":{"line":14,"column":56},"end":{"line":14,"column":58}}]},"2":{"loc":{"start":{"line":15,"column":25},"end":{"line":15,"column":85}},"type":"binary-expr","locations":[{"start":{"line":15,"column":25},"end":{"line":15,"column":48}},{"start":{"line":15,"column":37},"end":{"line":15,"column":85}}]},"3":{"loc":{"start":{"line":16,"column":24},"end":{"line":16,"column":62}},"type":"binary-expr","locations":[{"start":{"line":16,"column":24},"end":{"line":16,"column":46}},{"start":{"line":16,"column":46},"end":{"line":16,"column":62}}]},"4":{"loc":{"start":{"line":17,"column":22},"end":{"line":17,"column":44}},"type":"binary-expr","locations":[{"start":{"line":17,"column":22},"end":{"line":17,"column":42}},{"start":{"line":17,"column":42},"end":{"line":17,"column":44}}]},"5":{"loc":{"start":{"line":44,"column":2},"end":{"line":44,"column":null}},"type":"if","locations":[{"start":{"line":44,"column":2},"end":{"line":44,"column":null}},{"start":{},"end":{}}]},"6":{"loc":{"start":{"line":49,"column":25},"end":{"line":51,"column":null}},"type":"cond-expr","locations":[{"start":{"line":50,"column":6},"end":{"line":50,"column":null}},{"start":{"line":51,"column":6},"end":{"line":51,"column":null}}]},"7":{"loc":{"start":{"line":59,"column":9},"end":{"line":59,"column":48}},"type":"binary-expr","locations":[{"start":{"line":59,"column":9},"end":{"line":59,"column":29}},{"start":{"line":59,"column":29},"end":{"line":59,"column":48}}]},"8":{"loc":{"start":{"line":61,"column":4},"end":{"line":77,"column":null}},"type":"if","locations":[{"start":{"line":61,"column":4},"end":{"line":77,"column":null}},{"start":{"line":75,"column":11},"end":{"line":77,"column":null}}]},"9":{"loc":{"start":{"line":66,"column":13},"end":{"line":66,"column":60}},"type":"binary-expr","locations":[{"start":{"line":66,"column":13},"end":{"line":66,"column":33}},{"start":{"line":66,"column":33},"end":{"line":66,"column":60}}]},"10":{"loc":{"start":{"line":68,"column":8},"end":{"line":68,"column":null}},"type":"if","locations":[{"start":{"line":68,"column":8},"end":{"line":68,"column":null}},{"start":{},"end":{}}]},"11":{"loc":{"start":{"line":72,"column":6},"end":{"line":74,"column":null}},"type":"if","locations":[{"start":{"line":72,"column":6},"end":{"line":74,"column":null}},{"start":{},"end":{}}]},"12":{"loc":{"start":{"line":72,"column":10},"end":{"line":72,"column":30}},"type":"binary-expr","locations":[{"start":{"line":72,"column":10},"end":{"line":72,"column":22}},{"start":{"line":72,"column":22},"end":{"line":72,"column":30}}]},"13":{"loc":{"start":{"line":80,"column":2},"end":{"line":80,"column":null}},"type":"if","locations":[{"start":{"line":80,"column":2},"end":{"line":80,"column":null}},{"start":{},"end":{}}]},"14":{"loc":{"start":{"line":136,"column":2},"end":{"line":138,"column":null}},"type":"if","locations":[{"start":{"line":136,"column":2},"end":{"line":138,"column":null}},{"start":{},"end":{}}]},"15":{"loc":{"start":{"line":142,"column":13},"end":{"line":142,"column":37}},"type":"binary-expr","locations":[{"start":{"line":142,"column":13},"end":{"line":142,"column":35}},{"start":{"line":142,"column":35},"end":{"line":142,"column":37}}]},"16":{"loc":{"start":{"line":143,"column":13},"end":{"line":143,"column":35}},"type":"binary-expr","locations":[{"start":{"line":143,"column":13},"end":{"line":143,"column":33}},{"start":{"line":143,"column":33},"end":{"line":143,"column":35}}]},"17":{"loc":{"start":{"line":144,"column":13},"end":{"line":144,"column":36}},"type":"binary-expr","locations":[{"start":{"line":144,"column":13},"end":{"line":144,"column":34}},{"start":{"line":144,"column":34},"end":{"line":144,"column":36}}]},"18":{"loc":{"start":{"line":148,"column":2},"end":{"line":148,"column":null}},"type":"if","locations":[{"start":{"line":148,"column":2},"end":{"line":148,"column":null}},{"start":{},"end":{}}]}},"s":{"0":2,"1":9,"2":9,"3":9,"4":9,"5":9,"6":9,"7":9,"8":14,"9":14,"10":14,"11":8,"12":6,"13":6,"14":6,"15":6,"16":6,"17":6,"18":6,"19":6,"20":27,"21":27,"22":21,"23":21,"24":21,"25":21,"26":45,"27":45,"28":21,"29":45,"30":21,"31":21,"32":21,"33":6,"34":6,"35":0,"36":6,"37":21,"38":6,"39":9,"40":9,"41":6,"42":6,"43":6,"44":6,"45":6,"46":2,"47":2,"48":6,"49":6,"50":6,"51":0,"52":6},"f":{"0":9,"1":14,"2":21,"3":9,"4":6},"b":{"0":[9,2],"1":[9,3],"2":[9,3],"3":[9,3],"4":[9,2],"5":[8,6],"6":[6,0],"7":[33,28],"8":[21,6],"9":[66,61],"10":[21,24],"11":[21,0],"12":[21,21],"13":[0,6],"14":[2,4],"15":[6,0],"16":[6,0],"17":[6,0],"18":[0,6]}}
,"C:/Users/smili/Desktop/accountic-ui-ux/src/lib/slug.ts": {"path":"C:/Users/smili/Desktop/accountic-ui-ux/src/lib/slug.ts","statementMap":{"0":{"start":{"line":6,"column":19},"end":{"line":6,"column":null}},"1":{"start":{"line":20,"column":1},"end":{"line":26,"column":null}}},"fnMap":{"0":{"name":"toSlug","decl":{"start":{"line":19,"column":16},"end":{"line":19,"column":23}},"loc":{"start":{"line":19,"column":46},"end":{"line":27,"column":null}}}},"branchMap":{},"s":{"0":2,"1":11},"f":{"0":11},"b":{}}
}
